2020-07-24 13:59:59,363  INFO [TestNG] TestListener:35 - *** Test Suite SmokeTests started ***
2020-07-24 13:59:59,364  INFO [TestNG] TestListener:35 - *** Test Suite RegressionTests started ***
2020-07-24 14:00:16,174  INFO [TestNG] TestListener:46 - From Thread 11: *** Running test method assertLoginPageTitle...
2020-07-24 14:00:16,274  INFO [TestNG] EventHandler:163 - From Thread 11: Trying to navigate to url: https://in.ebay.com/
2020-07-24 14:00:16,619  INFO [TestNG] TestListener:46 - From Thread 12: *** Running test method login...
2020-07-24 14:00:16,620  INFO [TestNG] EventHandler:163 - From Thread 12: Trying to navigate to url: https://in.ebay.com/
2020-07-24 14:00:30,084  INFO [TestNG] EventHandler:85 - From Thread 11: Intended to navigate to url: https://in.ebay.com/, navigated to: https://in.ebay.com/
2020-07-24 14:00:30,337  INFO [TestNG] EventHandler:85 - From Thread 12: Intended to navigate to url: https://in.ebay.com/, navigated to: https://in.ebay.com/
2020-07-24 14:00:31,384  INFO [TestNG] TestListener:51 - From Thread 11: *** Executed assertLoginPageTitle test successfully...
2020-07-24 14:00:32,312  INFO [TestNG] EventHandler:127 - From Thread 12: Trying to find the element using By.linkText: Sign in
2020-07-24 14:00:37,324  INFO [TestNG] EventHandler:48 - From Thread 12: Found the element using By.linkText: Sign in
2020-07-24 14:00:38,237  INFO [TestNG] EventHandler:127 - From Thread 12: Trying to find the element using By.linkText: Sign in
2020-07-24 14:00:38,499  INFO [TestNG] EventHandler:48 - From Thread 12: Found the element using By.linkText: Sign in
2020-07-24 14:00:38,501  INFO [TestNG] EventHandler:121 - From Thread 12: Trying to click on element [[RemoteWebDriver: firefox on WINDOWS (8a092713-f03e-4914-b6e6-dc68784e841d)] -> link text: Sign in]
2020-07-24 14:00:50,569  INFO [TestNG] TestListener:40 - *** Test Suite SmokeTests ending ***
2020-07-24 14:00:50,743 DEBUG [TestNG] cache:45 - Couldn't find template in cache for "v3html/v3-html-index.ftl"("en", UTF-8, parsed); will try to load it.
2020-07-24 14:00:50,745 DEBUG [TestNG] cache:45 - TemplateLoader.findTemplateSource("v3html/v3-html-index_en.ftl"): Not found
2020-07-24 14:00:50,756 DEBUG [TestNG] cache:45 - TemplateLoader.findTemplateSource("v3html/v3-html-index.ftl"): Found
2020-07-24 14:00:50,757 DEBUG [TestNG] cache:45 - Loading template for "v3html/v3-html-index.ftl"("en", UTF-8, parsed) from "jar:file:/C:/Users/aparn/.m2/repository/com/aventstack/extentreports/4.0.6/extentreports-4.0.6.jar!/com/aventstack/extentreports/view/v3html/v3-html-index.ftl"
2020-07-24 14:00:51,820 DEBUG [TestNG] cache:45 - Couldn't find template in cache for "v3html/v3-html-head.ftl"("en", UTF-8, parsed); will try to load it.
2020-07-24 14:00:51,821 DEBUG [TestNG] cache:45 - TemplateLoader.findTemplateSource("v3html/v3-html-head_en.ftl"): Not found
2020-07-24 14:00:51,822 DEBUG [TestNG] cache:45 - TemplateLoader.findTemplateSource("v3html/v3-html-head.ftl"): Found
2020-07-24 14:00:51,822 DEBUG [TestNG] cache:45 - Loading template for "v3html/v3-html-head.ftl"("en", UTF-8, parsed) from "jar:file:/C:/Users/aparn/.m2/repository/com/aventstack/extentreports/4.0.6/extentreports-4.0.6.jar!/com/aventstack/extentreports/view/v3html/v3-html-head.ftl"
2020-07-24 14:00:51,828 DEBUG [TestNG] cache:45 - Couldn't find template in cache for "v3html/v3-html-nav.ftl"("en", UTF-8, parsed); will try to load it.
2020-07-24 14:00:51,829 DEBUG [TestNG] cache:45 - TemplateLoader.findTemplateSource("v3html/v3-html-nav_en.ftl"): Not found
2020-07-24 14:00:51,830 DEBUG [TestNG] cache:45 - TemplateLoader.findTemplateSource("v3html/v3-html-nav.ftl"): Found
2020-07-24 14:00:51,831 DEBUG [TestNG] cache:45 - Loading template for "v3html/v3-html-nav.ftl"("en", UTF-8, parsed) from "jar:file:/C:/Users/aparn/.m2/repository/com/aventstack/extentreports/4.0.6/extentreports-4.0.6.jar!/com/aventstack/extentreports/view/v3html/v3-html-nav.ftl"
2020-07-24 14:00:51,841 DEBUG [TestNG] cache:45 - Couldn't find template in cache for "v3html/test-view/v3-html-test-view.ftl"("en", UTF-8, parsed); will try to load it.
2020-07-24 14:00:51,842 DEBUG [TestNG] cache:45 - TemplateLoader.findTemplateSource("v3html/test-view/v3-html-test-view_en.ftl"): Not found
2020-07-24 14:00:51,842 DEBUG [TestNG] cache:45 - TemplateLoader.findTemplateSource("v3html/test-view/v3-html-test-view.ftl"): Found
2020-07-24 14:00:51,843 DEBUG [TestNG] cache:45 - Loading template for "v3html/test-view/v3-html-test-view.ftl"("en", UTF-8, parsed) from "jar:file:/C:/Users/aparn/.m2/repository/com/aventstack/extentreports/4.0.6/extentreports-4.0.6.jar!/com/aventstack/extentreports/view/v3html/test-view/v3-html-test-view.ftl"
2020-07-24 14:00:51,947 DEBUG [TestNG] cache:45 - Couldn't find template in cache for "v3html/test-view/v3-html-test-view-charts.ftl"("en", UTF-8, parsed); will try to load it.
2020-07-24 14:00:51,947 DEBUG [TestNG] cache:45 - TemplateLoader.findTemplateSource("v3html/test-view/v3-html-test-view-charts_en.ftl"): Not found
2020-07-24 14:00:51,948 DEBUG [TestNG] cache:45 - TemplateLoader.findTemplateSource("v3html/test-view/v3-html-test-view-charts.ftl"): Found
2020-07-24 14:00:51,949 DEBUG [TestNG] cache:45 - Loading template for "v3html/test-view/v3-html-test-view-charts.ftl"("en", UTF-8, parsed) from "jar:file:/C:/Users/aparn/.m2/repository/com/aventstack/extentreports/4.0.6/extentreports-4.0.6.jar!/com/aventstack/extentreports/view/v3html/test-view/v3-html-test-view-charts.ftl"
2020-07-24 14:00:52,015 DEBUG [TestNG] cache:45 - Couldn't find template in cache for "v3html/test-view/v3-html-standard.ftl"("en", UTF-8, parsed); will try to load it.
2020-07-24 14:00:52,017 DEBUG [TestNG] cache:45 - TemplateLoader.findTemplateSource("v3html/test-view/v3-html-standard_en.ftl"): Not found
2020-07-24 14:00:52,018 DEBUG [TestNG] cache:45 - TemplateLoader.findTemplateSource("v3html/test-view/v3-html-standard.ftl"): Found
2020-07-24 14:00:52,019 DEBUG [TestNG] cache:45 - Loading template for "v3html/test-view/v3-html-standard.ftl"("en", UTF-8, parsed) from "jar:file:/C:/Users/aparn/.m2/repository/com/aventstack/extentreports/4.0.6/extentreports-4.0.6.jar!/com/aventstack/extentreports/view/v3html/test-view/v3-html-standard.ftl"
2020-07-24 14:00:52,096 DEBUG [TestNG] cache:45 - Couldn't find template in cache for "v3html/category-view/v3-html-category-view.ftl"("en", UTF-8, parsed); will try to load it.
2020-07-24 14:00:52,097 DEBUG [TestNG] cache:45 - TemplateLoader.findTemplateSource("v3html/category-view/v3-html-category-view_en.ftl"): Not found
2020-07-24 14:00:52,099 DEBUG [TestNG] cache:45 - TemplateLoader.findTemplateSource("v3html/category-view/v3-html-category-view.ftl"): Found
2020-07-24 14:00:52,100 DEBUG [TestNG] cache:45 - Loading template for "v3html/category-view/v3-html-category-view.ftl"("en", UTF-8, parsed) from "jar:file:/C:/Users/aparn/.m2/repository/com/aventstack/extentreports/4.0.6/extentreports-4.0.6.jar!/com/aventstack/extentreports/view/v3html/category-view/v3-html-category-view.ftl"
2020-07-24 14:00:52,148 DEBUG [TestNG] cache:45 - Couldn't find template in cache for "v3html/exception-view/v3-html-exception-view.ftl"("en", UTF-8, parsed); will try to load it.
2020-07-24 14:00:52,153 DEBUG [TestNG] cache:45 - TemplateLoader.findTemplateSource("v3html/exception-view/v3-html-exception-view_en.ftl"): Not found
2020-07-24 14:00:52,155 DEBUG [TestNG] cache:45 - TemplateLoader.findTemplateSource("v3html/exception-view/v3-html-exception-view.ftl"): Found
2020-07-24 14:00:52,159 DEBUG [TestNG] cache:45 - Loading template for "v3html/exception-view/v3-html-exception-view.ftl"("en", UTF-8, parsed) from "jar:file:/C:/Users/aparn/.m2/repository/com/aventstack/extentreports/4.0.6/extentreports-4.0.6.jar!/com/aventstack/extentreports/view/v3html/exception-view/v3-html-exception-view.ftl"
2020-07-24 14:00:52,165 DEBUG [TestNG] cache:45 - Couldn't find template in cache for "v3html/author-view/v3-html-author-view.ftl"("en", UTF-8, parsed); will try to load it.
2020-07-24 14:00:52,166 DEBUG [TestNG] cache:45 - TemplateLoader.findTemplateSource("v3html/author-view/v3-html-author-view_en.ftl"): Not found
2020-07-24 14:00:52,167 DEBUG [TestNG] cache:45 - TemplateLoader.findTemplateSource("v3html/author-view/v3-html-author-view.ftl"): Found
2020-07-24 14:00:52,168 DEBUG [TestNG] cache:45 - Loading template for "v3html/author-view/v3-html-author-view.ftl"("en", UTF-8, parsed) from "jar:file:/C:/Users/aparn/.m2/repository/com/aventstack/extentreports/4.0.6/extentreports-4.0.6.jar!/com/aventstack/extentreports/view/v3html/author-view/v3-html-author-view.ftl"
2020-07-24 14:00:52,175 DEBUG [TestNG] cache:45 - Couldn't find template in cache for "v3html/dashboard-view/v3-html-dashboard-view.ftl"("en", UTF-8, parsed); will try to load it.
2020-07-24 14:00:52,176 DEBUG [TestNG] cache:45 - TemplateLoader.findTemplateSource("v3html/dashboard-view/v3-html-dashboard-view_en.ftl"): Not found
2020-07-24 14:00:52,178 DEBUG [TestNG] cache:45 - TemplateLoader.findTemplateSource("v3html/dashboard-view/v3-html-dashboard-view.ftl"): Found
2020-07-24 14:00:52,179 DEBUG [TestNG] cache:45 - Loading template for "v3html/dashboard-view/v3-html-dashboard-view.ftl"("en", UTF-8, parsed) from "jar:file:/C:/Users/aparn/.m2/repository/com/aventstack/extentreports/4.0.6/extentreports-4.0.6.jar!/com/aventstack/extentreports/view/v3html/dashboard-view/v3-html-dashboard-view.ftl"
2020-07-24 14:00:52,201 DEBUG [TestNG] cache:45 - Couldn't find template in cache for "v3html/logs-view/v3-html-testrunner-logs-view.ftl"("en", UTF-8, parsed); will try to load it.
2020-07-24 14:00:52,202 DEBUG [TestNG] cache:45 - TemplateLoader.findTemplateSource("v3html/logs-view/v3-html-testrunner-logs-view_en.ftl"): Not found
2020-07-24 14:00:52,203 DEBUG [TestNG] cache:45 - TemplateLoader.findTemplateSource("v3html/logs-view/v3-html-testrunner-logs-view.ftl"): Found
2020-07-24 14:00:52,204 DEBUG [TestNG] cache:45 - Loading template for "v3html/logs-view/v3-html-testrunner-logs-view.ftl"("en", UTF-8, parsed) from "jar:file:/C:/Users/aparn/.m2/repository/com/aventstack/extentreports/4.0.6/extentreports-4.0.6.jar!/com/aventstack/extentreports/view/v3html/logs-view/v3-html-testrunner-logs-view.ftl"
2020-07-24 14:00:52,880  INFO [TestNG] EventHandler:42 - From Thread 12: Clicked on element [[RemoteWebDriver: firefox on WINDOWS (8a092713-f03e-4914-b6e6-dc68784e841d)] -> link text: Sign in]
2020-07-24 14:00:52,881  INFO [TestNG] EventHandler:127 - From Thread 12: Trying to find the element using By.id: userid
2020-07-24 14:00:53,870  INFO [TestNG] EventHandler:48 - From Thread 12: Found the element using By.id: userid
2020-07-24 14:00:53,949  INFO [TestNG] EventHandler:127 - From Thread 12: Trying to find the element using By.id: userid
2020-07-24 14:00:53,970  INFO [TestNG] EventHandler:48 - From Thread 12: Found the element using By.id: userid
2020-07-24 14:00:54,022  INFO [TestNG] EventHandler:115 - From Thread 12: Before value: , expected to be set to: aparna12.rao@gmail.com
2020-07-24 14:00:55,418  INFO [TestNG] EventHandler:36 - From Thread 12: Intended to set value: aparna12.rao@gmail.com, value that has been set: aparna12.rao@gmail.com
2020-07-24 14:00:56,419  INFO [TestNG] EventHandler:127 - From Thread 12: Trying to find the element using By.id: signin-continue-btn
2020-07-24 14:00:56,432  INFO [TestNG] EventHandler:48 - From Thread 12: Found the element using By.id: signin-continue-btn
2020-07-24 14:00:56,433  INFO [TestNG] EventHandler:121 - From Thread 12: Trying to click on element [[RemoteWebDriver: firefox on WINDOWS (8a092713-f03e-4914-b6e6-dc68784e841d)] -> id: signin-continue-btn]
2020-07-24 14:00:56,688  INFO [TestNG] EventHandler:42 - From Thread 12: Clicked on element [[RemoteWebDriver: firefox on WINDOWS (8a092713-f03e-4914-b6e6-dc68784e841d)] -> id: signin-continue-btn]
2020-07-24 14:00:56,690  INFO [TestNG] EventHandler:127 - From Thread 12: Trying to find the element using By.id: pass
2020-07-24 14:00:56,728  INFO [TestNG] EventHandler:48 - From Thread 12: Found the element using By.id: pass
2020-07-24 14:00:57,279  INFO [TestNG] EventHandler:127 - From Thread 12: Trying to find the element using By.id: pass
2020-07-24 14:00:57,297  INFO [TestNG] EventHandler:48 - From Thread 12: Found the element using By.id: pass
2020-07-24 14:00:57,372  INFO [TestNG] EventHandler:127 - From Thread 12: Trying to find the element using By.id: pass
2020-07-24 14:00:57,387  INFO [TestNG] EventHandler:48 - From Thread 12: Found the element using By.id: pass
2020-07-24 14:00:57,405  INFO [TestNG] EventHandler:115 - From Thread 12: Before value: , expected to be set to: harekrsna88
2020-07-24 14:00:57,475  INFO [TestNG] EventHandler:36 - From Thread 12: Intended to set value: harekrsna88, value that has been set: harekrsna88
2020-07-24 14:00:58,477  INFO [TestNG] EventHandler:127 - From Thread 12: Trying to find the element using By.id: sgnBt
2020-07-24 14:00:59,734  INFO [TestNG] EventHandler:48 - From Thread 12: Found the element using By.id: sgnBt
2020-07-24 14:00:59,735  INFO [TestNG] EventHandler:121 - From Thread 12: Trying to click on element [[RemoteWebDriver: firefox on WINDOWS (8a092713-f03e-4914-b6e6-dc68784e841d)] -> id: sgnBt]
2020-07-24 14:01:01,317  INFO [TestNG] EventHandler:42 - From Thread 12: Clicked on element [[RemoteWebDriver: firefox on WINDOWS (8a092713-f03e-4914-b6e6-dc68784e841d)] -> id: sgnBt]
2020-07-24 14:01:01,354  INFO [TestNG] EventHandler:127 - From Thread 12: Trying to find the element using By.xpath: //*[@id="gh-ug"]/b[1]
2020-07-24 14:01:04,458  INFO [TestNG] EventHandler:181 - From Thread 12: Exception: Cause- null, Message- Unable to locate element: //*[@id="gh-ug"]/b[1]
For documentation on this error, please visit: https://www.seleniumhq.org/exceptions/no_such_element.html
Build info: version: '3.141.59', revision: 'e82be7d358', time: '2018-11-14T08:17:03'
System info: host: 'LAPTOP-JOPOHLMU', ip: '192.168.43.175', os.name: 'Windows 10', os.arch: 'amd64', os.version: '10.0', java.version: '1.8.0_221'
Driver info: org.openqa.selenium.remote.RemoteWebDriver
Capabilities {acceptInsecureCerts: true, browserName: firefox, browserVersion: 78.0.2, javascriptEnabled: true, moz:accessibilityChecks: false, moz:buildID: 20200708170202, moz:geckodriverVersion: 0.24.0, moz:headless: false, moz:processID: 13204, moz:profile: C:\Users\aparn\AppData\Loca..., moz:shutdownTimeout: 60000, moz:useNonSpecCompliantPointerOrigin: false, moz:webdriverClick: true, pageLoadStrategy: normal, platform: WINDOWS, platformName: WINDOWS, platformVersion: 10.0, rotatable: false, setWindowRect: true, strictFileInteractability: false, timeouts: {implicit: 0, pageLoad: 300000, script: 30000}, unhandledPromptBehavior: dismiss and notify, webdriver.remote.sessionid: 8a092713-f03e-4914-b6e6-dc6...}
Session ID: 8a092713-f03e-4914-b6e6-dc68784e841d
*** Element info: {Using=xpath, value=//*[@id="gh-ug"]/b[1]}
2020-07-24 14:01:04,474  INFO [TestNG] TestListener:70 - From Thread 12: *** Test execution login failed...
2020-07-24 14:01:04,475  INFO [TestNG] TestListener:84 - Screen shots reports path - C:\Users\aparn\eclipse-workspace\EBayAutomation\TestReport\screenshots
2020-07-24 14:01:04,477  INFO [TestNG] EventHandler:133 - From Thread 12: Trying to take screenshot. 
2020-07-24 14:01:04,965  INFO [TestNG] EventHandler:55 - From Thread 12: Screenshot taken
2020-07-24 14:01:04,965  INFO [TestNG] TestListener:102 - Screen shot file location - C:\Users\aparn\AppData\Local\Temp\screenshot30580670811993454.png
2020-07-24 14:01:04,966  INFO [TestNG] TestListener:103 - Target File location - C:\Users\aparn\eclipse-workspace\EBayAutomation\TestReport\screenshots\com.ebay.automation.pagetests.LoginPageTest\login2020-07-24T14_01_04_475.png
2020-07-24 14:01:19,866  INFO [TestNG] TestListener:46 - From Thread 12: *** Running test method searchForProduct...
2020-07-24 14:01:19,871  INFO [TestNG] EventHandler:163 - From Thread 12: Trying to navigate to url: https://in.ebay.com/
2020-07-24 14:01:24,800  INFO [TestNG] EventHandler:85 - From Thread 12: Intended to navigate to url: https://in.ebay.com/, navigated to: https://in.ebay.com/
2020-07-24 14:01:24,833  INFO [TestNG] EventHandler:127 - From Thread 12: Trying to find the element using By.xpath: //input[@type='text'][@class='gh-tb ui-autocomplete-input']
2020-07-24 14:01:24,858  INFO [TestNG] EventHandler:48 - From Thread 12: Found the element using By.xpath: //input[@type='text'][@class='gh-tb ui-autocomplete-input']
2020-07-24 14:01:24,913  INFO [TestNG] EventHandler:115 - From Thread 12: Before value: , expected to be set to: kurtis
2020-07-24 14:01:25,069  INFO [TestNG] EventHandler:36 - From Thread 12: Intended to set value: kurtis, value that has been set: kurtis
2020-07-24 14:01:25,069  INFO [TestNG] EventHandler:127 - From Thread 12: Trying to find the element using By.xpath: //input[@id='gh-btn']
2020-07-24 14:01:25,086  INFO [TestNG] EventHandler:48 - From Thread 12: Found the element using By.xpath: //input[@id='gh-btn']
2020-07-24 14:01:25,086  INFO [TestNG] EventHandler:121 - From Thread 12: Trying to click on element [[RemoteWebDriver: firefox on WINDOWS (208287ac-cda8-4096-b2fc-256b37b2c3a7)] -> xpath: //input[@id='gh-btn']]
2020-07-24 14:01:30,583  INFO [TestNG] EventHandler:42 - From Thread 12: Clicked on element [[RemoteWebDriver: firefox on WINDOWS (208287ac-cda8-4096-b2fc-256b37b2c3a7)] -> xpath: //input[@id='gh-btn']]
2020-07-24 14:01:30,586  INFO [TestNG] EventHandler:127 - From Thread 12: Trying to find the element using By.xpath: //ul[@class='srp-results srp-grid clearfix']
2020-07-24 14:01:30,847  INFO [TestNG] EventHandler:48 - From Thread 12: Found the element using By.xpath: //ul[@class='srp-results srp-grid clearfix']
2020-07-24 14:01:30,852  INFO [TestNG] TestListener:70 - From Thread 12: *** Test execution searchForProduct failed...
2020-07-24 14:01:30,853  INFO [TestNG] TestListener:84 - Screen shots reports path - C:\Users\aparn\eclipse-workspace\EBayAutomation\TestReport\screenshots
2020-07-24 14:01:30,855  INFO [TestNG] EventHandler:133 - From Thread 12: Trying to take screenshot. 
2020-07-24 14:01:34,058  INFO [TestNG] EventHandler:55 - From Thread 12: Screenshot taken
2020-07-24 14:01:34,059  INFO [TestNG] TestListener:102 - Screen shot file location - C:\Users\aparn\AppData\Local\Temp\screenshot2924011512356988561.png
2020-07-24 14:01:34,060  INFO [TestNG] TestListener:103 - Target File location - C:\Users\aparn\eclipse-workspace\EBayAutomation\TestReport\screenshots\com.ebay.automation.pagetests.LoginPageTest\searchForProduct2020-07-24T14_01_30_852.png
2020-07-24 14:01:51,148  INFO [TestNG] TestListener:46 - From Thread 12: *** Running test method signUp...
2020-07-24 14:01:51,149  INFO [TestNG] EventHandler:163 - From Thread 12: Trying to navigate to url: https://in.ebay.com/
2020-07-24 14:01:55,481  INFO [TestNG] EventHandler:85 - From Thread 12: Intended to navigate to url: https://in.ebay.com/, navigated to: https://in.ebay.com/
2020-07-24 14:01:55,511  INFO [TestNG] EventHandler:127 - From Thread 12: Trying to find the element using By.linkText: register
2020-07-24 14:01:55,790  INFO [TestNG] EventHandler:48 - From Thread 12: Found the element using By.linkText: register
2020-07-24 14:01:55,791  INFO [TestNG] EventHandler:121 - From Thread 12: Trying to click on element [[RemoteWebDriver: firefox on WINDOWS (75dbd7ce-2b61-43f2-833a-864264e7628c)] -> link text: register]
2020-07-24 14:01:56,957  INFO [TestNG] EventHandler:42 - From Thread 12: Clicked on element [[RemoteWebDriver: firefox on WINDOWS (75dbd7ce-2b61-43f2-833a-864264e7628c)] -> link text: register]
2020-07-24 14:01:56,958  INFO [TestNG] EventHandler:127 - From Thread 12: Trying to find the element using By.name: firstname
2020-07-24 14:01:59,191  INFO [TestNG] EventHandler:181 - From Thread 12: Exception: Cause- null, Message- Unable to locate element: *[name='firstname']
For documentation on this error, please visit: https://www.seleniumhq.org/exceptions/no_such_element.html
Build info: version: '3.141.59', revision: 'e82be7d358', time: '2018-11-14T08:17:03'
System info: host: 'LAPTOP-JOPOHLMU', ip: '192.168.43.175', os.name: 'Windows 10', os.arch: 'amd64', os.version: '10.0', java.version: '1.8.0_221'
Driver info: org.openqa.selenium.remote.RemoteWebDriver
Capabilities {acceptInsecureCerts: true, browserName: firefox, browserVersion: 78.0.2, javascriptEnabled: true, moz:accessibilityChecks: false, moz:buildID: 20200708170202, moz:geckodriverVersion: 0.24.0, moz:headless: false, moz:processID: 5600, moz:profile: C:\Users\aparn\AppData\Loca..., moz:shutdownTimeout: 60000, moz:useNonSpecCompliantPointerOrigin: false, moz:webdriverClick: true, pageLoadStrategy: normal, platform: WINDOWS, platformName: WINDOWS, platformVersion: 10.0, rotatable: false, setWindowRect: true, strictFileInteractability: false, timeouts: {implicit: 0, pageLoad: 300000, script: 30000}, unhandledPromptBehavior: dismiss and notify, webdriver.remote.sessionid: 75dbd7ce-2b61-43f2-833a-864...}
Session ID: 75dbd7ce-2b61-43f2-833a-864264e7628c
*** Element info: {Using=name, value=firstname}
2020-07-24 14:01:59,692  INFO [TestNG] EventHandler:127 - From Thread 12: Trying to find the element using By.name: firstname
2020-07-24 14:02:01,753  INFO [TestNG] EventHandler:181 - From Thread 12: Exception: Cause- null, Message- Unable to locate element: *[name='firstname']
For documentation on this error, please visit: https://www.seleniumhq.org/exceptions/no_such_element.html
Build info: version: '3.141.59', revision: 'e82be7d358', time: '2018-11-14T08:17:03'
System info: host: 'LAPTOP-JOPOHLMU', ip: '192.168.43.175', os.name: 'Windows 10', os.arch: 'amd64', os.version: '10.0', java.version: '1.8.0_221'
Driver info: org.openqa.selenium.remote.RemoteWebDriver
Capabilities {acceptInsecureCerts: true, browserName: firefox, browserVersion: 78.0.2, javascriptEnabled: true, moz:accessibilityChecks: false, moz:buildID: 20200708170202, moz:geckodriverVersion: 0.24.0, moz:headless: false, moz:processID: 5600, moz:profile: C:\Users\aparn\AppData\Loca..., moz:shutdownTimeout: 60000, moz:useNonSpecCompliantPointerOrigin: false, moz:webdriverClick: true, pageLoadStrategy: normal, platform: WINDOWS, platformName: WINDOWS, platformVersion: 10.0, rotatable: false, setWindowRect: true, strictFileInteractability: false, timeouts: {implicit: 0, pageLoad: 300000, script: 30000}, unhandledPromptBehavior: dismiss and notify, webdriver.remote.sessionid: 75dbd7ce-2b61-43f2-833a-864...}
Session ID: 75dbd7ce-2b61-43f2-833a-864264e7628c
*** Element info: {Using=name, value=firstname}
2020-07-24 14:02:02,253  INFO [TestNG] EventHandler:127 - From Thread 12: Trying to find the element using By.name: firstname
2020-07-24 14:02:04,294  INFO [TestNG] EventHandler:181 - From Thread 12: Exception: Cause- null, Message- Unable to locate element: *[name='firstname']
For documentation on this error, please visit: https://www.seleniumhq.org/exceptions/no_such_element.html
Build info: version: '3.141.59', revision: 'e82be7d358', time: '2018-11-14T08:17:03'
System info: host: 'LAPTOP-JOPOHLMU', ip: '192.168.43.175', os.name: 'Windows 10', os.arch: 'amd64', os.version: '10.0', java.version: '1.8.0_221'
Driver info: org.openqa.selenium.remote.RemoteWebDriver
Capabilities {acceptInsecureCerts: true, browserName: firefox, browserVersion: 78.0.2, javascriptEnabled: true, moz:accessibilityChecks: false, moz:buildID: 20200708170202, moz:geckodriverVersion: 0.24.0, moz:headless: false, moz:processID: 5600, moz:profile: C:\Users\aparn\AppData\Loca..., moz:shutdownTimeout: 60000, moz:useNonSpecCompliantPointerOrigin: false, moz:webdriverClick: true, pageLoadStrategy: normal, platform: WINDOWS, platformName: WINDOWS, platformVersion: 10.0, rotatable: false, setWindowRect: true, strictFileInteractability: false, timeouts: {implicit: 0, pageLoad: 300000, script: 30000}, unhandledPromptBehavior: dismiss and notify, webdriver.remote.sessionid: 75dbd7ce-2b61-43f2-833a-864...}
Session ID: 75dbd7ce-2b61-43f2-833a-864264e7628c
*** Element info: {Using=name, value=firstname}
2020-07-24 14:02:04,795  INFO [TestNG] EventHandler:127 - From Thread 12: Trying to find the element using By.name: firstname
2020-07-24 14:02:06,853  INFO [TestNG] EventHandler:181 - From Thread 12: Exception: Cause- null, Message- Unable to locate element: *[name='firstname']
For documentation on this error, please visit: https://www.seleniumhq.org/exceptions/no_such_element.html
Build info: version: '3.141.59', revision: 'e82be7d358', time: '2018-11-14T08:17:03'
System info: host: 'LAPTOP-JOPOHLMU', ip: '192.168.43.175', os.name: 'Windows 10', os.arch: 'amd64', os.version: '10.0', java.version: '1.8.0_221'
Driver info: org.openqa.selenium.remote.RemoteWebDriver
Capabilities {acceptInsecureCerts: true, browserName: firefox, browserVersion: 78.0.2, javascriptEnabled: true, moz:accessibilityChecks: false, moz:buildID: 20200708170202, moz:geckodriverVersion: 0.24.0, moz:headless: false, moz:processID: 5600, moz:profile: C:\Users\aparn\AppData\Loca..., moz:shutdownTimeout: 60000, moz:useNonSpecCompliantPointerOrigin: false, moz:webdriverClick: true, pageLoadStrategy: normal, platform: WINDOWS, platformName: WINDOWS, platformVersion: 10.0, rotatable: false, setWindowRect: true, strictFileInteractability: false, timeouts: {implicit: 0, pageLoad: 300000, script: 30000}, unhandledPromptBehavior: dismiss and notify, webdriver.remote.sessionid: 75dbd7ce-2b61-43f2-833a-864...}
Session ID: 75dbd7ce-2b61-43f2-833a-864264e7628c
*** Element info: {Using=name, value=firstname}
2020-07-24 14:02:07,354  INFO [TestNG] EventHandler:127 - From Thread 12: Trying to find the element using By.name: firstname
2020-07-24 14:02:09,376  INFO [TestNG] EventHandler:181 - From Thread 12: Exception: Cause- null, Message- Unable to locate element: *[name='firstname']
For documentation on this error, please visit: https://www.seleniumhq.org/exceptions/no_such_element.html
Build info: version: '3.141.59', revision: 'e82be7d358', time: '2018-11-14T08:17:03'
System info: host: 'LAPTOP-JOPOHLMU', ip: '192.168.43.175', os.name: 'Windows 10', os.arch: 'amd64', os.version: '10.0', java.version: '1.8.0_221'
Driver info: org.openqa.selenium.remote.RemoteWebDriver
Capabilities {acceptInsecureCerts: true, browserName: firefox, browserVersion: 78.0.2, javascriptEnabled: true, moz:accessibilityChecks: false, moz:buildID: 20200708170202, moz:geckodriverVersion: 0.24.0, moz:headless: false, moz:processID: 5600, moz:profile: C:\Users\aparn\AppData\Loca..., moz:shutdownTimeout: 60000, moz:useNonSpecCompliantPointerOrigin: false, moz:webdriverClick: true, pageLoadStrategy: normal, platform: WINDOWS, platformName: WINDOWS, platformVersion: 10.0, rotatable: false, setWindowRect: true, strictFileInteractability: false, timeouts: {implicit: 0, pageLoad: 300000, script: 30000}, unhandledPromptBehavior: dismiss and notify, webdriver.remote.sessionid: 75dbd7ce-2b61-43f2-833a-864...}
Session ID: 75dbd7ce-2b61-43f2-833a-864264e7628c
*** Element info: {Using=name, value=firstname}
2020-07-24 14:02:09,876  INFO [TestNG] EventHandler:127 - From Thread 12: Trying to find the element using By.name: firstname
2020-07-24 14:02:11,031  INFO [TestNG] EventHandler:48 - From Thread 12: Found the element using By.name: firstname
2020-07-24 14:02:11,124  INFO [TestNG] EventHandler:127 - From Thread 12: Trying to find the element using By.name: firstname
2020-07-24 14:02:11,208  INFO [TestNG] EventHandler:48 - From Thread 12: Found the element using By.name: firstname
2020-07-24 14:02:11,273  INFO [TestNG] EventHandler:115 - From Thread 12: Before value: , expected to be set to: Sriram
2020-07-24 14:02:11,566  INFO [TestNG] EventHandler:36 - From Thread 12: Intended to set value: Sriram, value that has been set: Sriram
2020-07-24 14:02:12,567  INFO [TestNG] EventHandler:127 - From Thread 12: Trying to find the element using By.name: lastname
2020-07-24 14:02:12,580  INFO [TestNG] EventHandler:48 - From Thread 12: Found the element using By.name: lastname
2020-07-24 14:02:12,601  INFO [TestNG] EventHandler:115 - From Thread 12: Before value: , expected to be set to: Rao
2020-07-24 14:02:12,693  INFO [TestNG] EventHandler:36 - From Thread 12: Intended to set value: Rao, value that has been set: Rao
2020-07-24 14:02:13,694  INFO [TestNG] EventHandler:127 - From Thread 12: Trying to find the element using By.name: email
2020-07-24 14:02:13,706  INFO [TestNG] EventHandler:48 - From Thread 12: Found the element using By.name: email
2020-07-24 14:02:13,730  INFO [TestNG] EventHandler:115 - From Thread 12: Before value: , expected to be set to: srirammurthyrao@gmail.com
2020-07-24 14:02:13,935  INFO [TestNG] EventHandler:36 - From Thread 12: Intended to set value: srirammurthyrao@gmail.com, value that has been set: srirammurthyrao@gmail.com
2020-07-24 14:02:14,937  INFO [TestNG] EventHandler:127 - From Thread 12: Trying to find the element using By.name: PASSWORD
2020-07-24 14:02:15,048  INFO [TestNG] EventHandler:48 - From Thread 12: Found the element using By.name: PASSWORD
2020-07-24 14:02:15,129  INFO [TestNG] EventHandler:115 - From Thread 12: Before value: , expected to be set to: Test@12345
2020-07-24 14:02:15,272  INFO [TestNG] EventHandler:36 - From Thread 12: Intended to set value: Test@12345, value that has been set: Test@12345
2020-07-24 14:02:16,273  INFO [TestNG] EventHandler:127 - From Thread 12: Trying to find the element using By.xpath: //button[@id='ppaFormSbtBtn']
2020-07-24 14:02:16,289  INFO [TestNG] EventHandler:48 - From Thread 12: Found the element using By.xpath: //button[@id='ppaFormSbtBtn']
2020-07-24 14:02:16,289  INFO [TestNG] EventHandler:121 - From Thread 12: Trying to click on element [[RemoteWebDriver: firefox on WINDOWS (75dbd7ce-2b61-43f2-833a-864264e7628c)] -> xpath: //button[@id='ppaFormSbtBtn']]
2020-07-24 14:02:31,110  INFO [TestNG] EventHandler:42 - From Thread 12: Clicked on element [[RemoteWebDriver: firefox on WINDOWS (75dbd7ce-2b61-43f2-833a-864264e7628c)] -> xpath: //button[@id='ppaFormSbtBtn']]
2020-07-24 14:02:31,112  INFO [TestNG] EventHandler:127 - From Thread 12: Trying to find the element using By.xpath: //*[@id="gh-ug"]/b[1]
2020-07-24 14:02:33,153  INFO [TestNG] EventHandler:181 - From Thread 12: Exception: Cause- null, Message- Unable to locate element: //*[@id="gh-ug"]/b[1]
For documentation on this error, please visit: https://www.seleniumhq.org/exceptions/no_such_element.html
Build info: version: '3.141.59', revision: 'e82be7d358', time: '2018-11-14T08:17:03'
System info: host: 'LAPTOP-JOPOHLMU', ip: '192.168.43.175', os.name: 'Windows 10', os.arch: 'amd64', os.version: '10.0', java.version: '1.8.0_221'
Driver info: org.openqa.selenium.remote.RemoteWebDriver
Capabilities {acceptInsecureCerts: true, browserName: firefox, browserVersion: 78.0.2, javascriptEnabled: true, moz:accessibilityChecks: false, moz:buildID: 20200708170202, moz:geckodriverVersion: 0.24.0, moz:headless: false, moz:processID: 5600, moz:profile: C:\Users\aparn\AppData\Loca..., moz:shutdownTimeout: 60000, moz:useNonSpecCompliantPointerOrigin: false, moz:webdriverClick: true, pageLoadStrategy: normal, platform: WINDOWS, platformName: WINDOWS, platformVersion: 10.0, rotatable: false, setWindowRect: true, strictFileInteractability: false, timeouts: {implicit: 0, pageLoad: 300000, script: 30000}, unhandledPromptBehavior: dismiss and notify, webdriver.remote.sessionid: 75dbd7ce-2b61-43f2-833a-864...}
Session ID: 75dbd7ce-2b61-43f2-833a-864264e7628c
*** Element info: {Using=xpath, value=//*[@id="gh-ug"]/b[1]}
2020-07-24 14:02:33,156  INFO [TestNG] TestListener:70 - From Thread 12: *** Test execution signUp failed...
2020-07-24 14:02:33,157  INFO [TestNG] TestListener:84 - Screen shots reports path - C:\Users\aparn\eclipse-workspace\EBayAutomation\TestReport\screenshots
2020-07-24 14:02:33,157  INFO [TestNG] EventHandler:133 - From Thread 12: Trying to take screenshot. 
2020-07-24 14:02:33,442  INFO [TestNG] EventHandler:55 - From Thread 12: Screenshot taken
2020-07-24 14:02:33,442  INFO [TestNG] TestListener:102 - Screen shot file location - C:\Users\aparn\AppData\Local\Temp\screenshot3640938591358521244.png
2020-07-24 14:02:33,443  INFO [TestNG] TestListener:103 - Target File location - C:\Users\aparn\eclipse-workspace\EBayAutomation\TestReport\screenshots\com.ebay.automation.pagetests.LoginPageTest\signUp2020-07-24T14_02_33_156.png
2020-07-24 14:02:45,984  INFO [TestNG] TestListener:46 - From Thread 12: *** Running test method openPurchaseHistory...
2020-07-24 14:02:45,985  INFO [TestNG] EventHandler:163 - From Thread 12: Trying to navigate to url: https://in.ebay.com/
2020-07-24 14:02:49,312  INFO [TestNG] EventHandler:85 - From Thread 12: Intended to navigate to url: https://in.ebay.com/, navigated to: https://in.ebay.com/
2020-07-24 14:02:49,326  INFO [TestNG] EventHandler:127 - From Thread 12: Trying to find the element using By.linkText: Sign in
2020-07-24 14:02:49,594  INFO [TestNG] EventHandler:48 - From Thread 12: Found the element using By.linkText: Sign in
2020-07-24 14:02:49,782  INFO [TestNG] EventHandler:127 - From Thread 12: Trying to find the element using By.linkText: Sign in
2020-07-24 14:02:49,967  INFO [TestNG] EventHandler:48 - From Thread 12: Found the element using By.linkText: Sign in
2020-07-24 14:02:49,967  INFO [TestNG] EventHandler:121 - From Thread 12: Trying to click on element [[RemoteWebDriver: firefox on WINDOWS (b13b51c8-38bc-4f85-bf65-43084edffab3)] -> link text: Sign in]
2020-07-24 14:02:52,733  INFO [TestNG] EventHandler:42 - From Thread 12: Clicked on element [[RemoteWebDriver: firefox on WINDOWS (b13b51c8-38bc-4f85-bf65-43084edffab3)] -> link text: Sign in]
2020-07-24 14:02:52,734  INFO [TestNG] EventHandler:127 - From Thread 12: Trying to find the element using By.id: userid
2020-07-24 14:02:54,790  INFO [TestNG] EventHandler:181 - From Thread 12: Exception: Cause- null, Message- Unable to locate element: #userid
For documentation on this error, please visit: https://www.seleniumhq.org/exceptions/no_such_element.html
Build info: version: '3.141.59', revision: 'e82be7d358', time: '2018-11-14T08:17:03'
System info: host: 'LAPTOP-JOPOHLMU', ip: '192.168.43.175', os.name: 'Windows 10', os.arch: 'amd64', os.version: '10.0', java.version: '1.8.0_221'
Driver info: org.openqa.selenium.remote.RemoteWebDriver
Capabilities {acceptInsecureCerts: true, browserName: firefox, browserVersion: 78.0.2, javascriptEnabled: true, moz:accessibilityChecks: false, moz:buildID: 20200708170202, moz:geckodriverVersion: 0.24.0, moz:headless: false, moz:processID: 11232, moz:profile: C:\Users\aparn\AppData\Loca..., moz:shutdownTimeout: 60000, moz:useNonSpecCompliantPointerOrigin: false, moz:webdriverClick: true, pageLoadStrategy: normal, platform: WINDOWS, platformName: WINDOWS, platformVersion: 10.0, rotatable: false, setWindowRect: true, strictFileInteractability: false, timeouts: {implicit: 0, pageLoad: 300000, script: 30000}, unhandledPromptBehavior: dismiss and notify, webdriver.remote.sessionid: b13b51c8-38bc-4f85-bf65-430...}
Session ID: b13b51c8-38bc-4f85-bf65-43084edffab3
*** Element info: {Using=id, value=userid}
2020-07-24 14:02:55,290  INFO [TestNG] EventHandler:127 - From Thread 12: Trying to find the element using By.id: userid
2020-07-24 14:02:57,303  INFO [TestNG] EventHandler:181 - From Thread 12: Exception: Cause- null, Message- Unable to locate element: #userid
For documentation on this error, please visit: https://www.seleniumhq.org/exceptions/no_such_element.html
Build info: version: '3.141.59', revision: 'e82be7d358', time: '2018-11-14T08:17:03'
System info: host: 'LAPTOP-JOPOHLMU', ip: '192.168.43.175', os.name: 'Windows 10', os.arch: 'amd64', os.version: '10.0', java.version: '1.8.0_221'
Driver info: org.openqa.selenium.remote.RemoteWebDriver
Capabilities {acceptInsecureCerts: true, browserName: firefox, browserVersion: 78.0.2, javascriptEnabled: true, moz:accessibilityChecks: false, moz:buildID: 20200708170202, moz:geckodriverVersion: 0.24.0, moz:headless: false, moz:processID: 11232, moz:profile: C:\Users\aparn\AppData\Loca..., moz:shutdownTimeout: 60000, moz:useNonSpecCompliantPointerOrigin: false, moz:webdriverClick: true, pageLoadStrategy: normal, platform: WINDOWS, platformName: WINDOWS, platformVersion: 10.0, rotatable: false, setWindowRect: true, strictFileInteractability: false, timeouts: {implicit: 0, pageLoad: 300000, script: 30000}, unhandledPromptBehavior: dismiss and notify, webdriver.remote.sessionid: b13b51c8-38bc-4f85-bf65-430...}
Session ID: b13b51c8-38bc-4f85-bf65-43084edffab3
*** Element info: {Using=id, value=userid}
2020-07-24 14:02:57,804  INFO [TestNG] EventHandler:127 - From Thread 12: Trying to find the element using By.id: userid
2020-07-24 14:03:00,007  INFO [TestNG] EventHandler:181 - From Thread 12: Exception: Cause- null, Message- Unable to locate element: #userid
For documentation on this error, please visit: https://www.seleniumhq.org/exceptions/no_such_element.html
Build info: version: '3.141.59', revision: 'e82be7d358', time: '2018-11-14T08:17:03'
System info: host: 'LAPTOP-JOPOHLMU', ip: '192.168.43.175', os.name: 'Windows 10', os.arch: 'amd64', os.version: '10.0', java.version: '1.8.0_221'
Driver info: org.openqa.selenium.remote.RemoteWebDriver
Capabilities {acceptInsecureCerts: true, browserName: firefox, browserVersion: 78.0.2, javascriptEnabled: true, moz:accessibilityChecks: false, moz:buildID: 20200708170202, moz:geckodriverVersion: 0.24.0, moz:headless: false, moz:processID: 11232, moz:profile: C:\Users\aparn\AppData\Loca..., moz:shutdownTimeout: 60000, moz:useNonSpecCompliantPointerOrigin: false, moz:webdriverClick: true, pageLoadStrategy: normal, platform: WINDOWS, platformName: WINDOWS, platformVersion: 10.0, rotatable: false, setWindowRect: true, strictFileInteractability: false, timeouts: {implicit: 0, pageLoad: 300000, script: 30000}, unhandledPromptBehavior: dismiss and notify, webdriver.remote.sessionid: b13b51c8-38bc-4f85-bf65-430...}
Session ID: b13b51c8-38bc-4f85-bf65-43084edffab3
*** Element info: {Using=id, value=userid}
2020-07-24 14:03:00,508  INFO [TestNG] EventHandler:127 - From Thread 12: Trying to find the element using By.id: userid
2020-07-24 14:03:02,529  INFO [TestNG] EventHandler:181 - From Thread 12: Exception: Cause- null, Message- Unable to locate element: #userid
For documentation on this error, please visit: https://www.seleniumhq.org/exceptions/no_such_element.html
Build info: version: '3.141.59', revision: 'e82be7d358', time: '2018-11-14T08:17:03'
System info: host: 'LAPTOP-JOPOHLMU', ip: '192.168.43.175', os.name: 'Windows 10', os.arch: 'amd64', os.version: '10.0', java.version: '1.8.0_221'
Driver info: org.openqa.selenium.remote.RemoteWebDriver
Capabilities {acceptInsecureCerts: true, browserName: firefox, browserVersion: 78.0.2, javascriptEnabled: true, moz:accessibilityChecks: false, moz:buildID: 20200708170202, moz:geckodriverVersion: 0.24.0, moz:headless: false, moz:processID: 11232, moz:profile: C:\Users\aparn\AppData\Loca..., moz:shutdownTimeout: 60000, moz:useNonSpecCompliantPointerOrigin: false, moz:webdriverClick: true, pageLoadStrategy: normal, platform: WINDOWS, platformName: WINDOWS, platformVersion: 10.0, rotatable: false, setWindowRect: true, strictFileInteractability: false, timeouts: {implicit: 0, pageLoad: 300000, script: 30000}, unhandledPromptBehavior: dismiss and notify, webdriver.remote.sessionid: b13b51c8-38bc-4f85-bf65-430...}
Session ID: b13b51c8-38bc-4f85-bf65-43084edffab3
*** Element info: {Using=id, value=userid}
2020-07-24 14:03:03,029  INFO [TestNG] EventHandler:127 - From Thread 12: Trying to find the element using By.id: userid
2020-07-24 14:03:05,046  INFO [TestNG] EventHandler:181 - From Thread 12: Exception: Cause- null, Message- Unable to locate element: #userid
For documentation on this error, please visit: https://www.seleniumhq.org/exceptions/no_such_element.html
Build info: version: '3.141.59', revision: 'e82be7d358', time: '2018-11-14T08:17:03'
System info: host: 'LAPTOP-JOPOHLMU', ip: '192.168.43.175', os.name: 'Windows 10', os.arch: 'amd64', os.version: '10.0', java.version: '1.8.0_221'
Driver info: org.openqa.selenium.remote.RemoteWebDriver
Capabilities {acceptInsecureCerts: true, browserName: firefox, browserVersion: 78.0.2, javascriptEnabled: true, moz:accessibilityChecks: false, moz:buildID: 20200708170202, moz:geckodriverVersion: 0.24.0, moz:headless: false, moz:processID: 11232, moz:profile: C:\Users\aparn\AppData\Loca..., moz:shutdownTimeout: 60000, moz:useNonSpecCompliantPointerOrigin: false, moz:webdriverClick: true, pageLoadStrategy: normal, platform: WINDOWS, platformName: WINDOWS, platformVersion: 10.0, rotatable: false, setWindowRect: true, strictFileInteractability: false, timeouts: {implicit: 0, pageLoad: 300000, script: 30000}, unhandledPromptBehavior: dismiss and notify, webdriver.remote.sessionid: b13b51c8-38bc-4f85-bf65-430...}
Session ID: b13b51c8-38bc-4f85-bf65-43084edffab3
*** Element info: {Using=id, value=userid}
2020-07-24 14:03:05,547  INFO [TestNG] EventHandler:127 - From Thread 12: Trying to find the element using By.id: userid
2020-07-24 14:03:07,718  INFO [TestNG] EventHandler:181 - From Thread 12: Exception: Cause- null, Message- Unable to locate element: #userid
For documentation on this error, please visit: https://www.seleniumhq.org/exceptions/no_such_element.html
Build info: version: '3.141.59', revision: 'e82be7d358', time: '2018-11-14T08:17:03'
System info: host: 'LAPTOP-JOPOHLMU', ip: '192.168.43.175', os.name: 'Windows 10', os.arch: 'amd64', os.version: '10.0', java.version: '1.8.0_221'
Driver info: org.openqa.selenium.remote.RemoteWebDriver
Capabilities {acceptInsecureCerts: true, browserName: firefox, browserVersion: 78.0.2, javascriptEnabled: true, moz:accessibilityChecks: false, moz:buildID: 20200708170202, moz:geckodriverVersion: 0.24.0, moz:headless: false, moz:processID: 11232, moz:profile: C:\Users\aparn\AppData\Loca..., moz:shutdownTimeout: 60000, moz:useNonSpecCompliantPointerOrigin: false, moz:webdriverClick: true, pageLoadStrategy: normal, platform: WINDOWS, platformName: WINDOWS, platformVersion: 10.0, rotatable: false, setWindowRect: true, strictFileInteractability: false, timeouts: {implicit: 0, pageLoad: 300000, script: 30000}, unhandledPromptBehavior: dismiss and notify, webdriver.remote.sessionid: b13b51c8-38bc-4f85-bf65-430...}
Session ID: b13b51c8-38bc-4f85-bf65-43084edffab3
*** Element info: {Using=id, value=userid}
2020-07-24 14:03:08,220  INFO [TestNG] EventHandler:127 - From Thread 12: Trying to find the element using By.id: userid
2020-07-24 14:03:10,289  INFO [TestNG] EventHandler:181 - From Thread 12: Exception: Cause- null, Message- Unable to locate element: #userid
For documentation on this error, please visit: https://www.seleniumhq.org/exceptions/no_such_element.html
Build info: version: '3.141.59', revision: 'e82be7d358', time: '2018-11-14T08:17:03'
System info: host: 'LAPTOP-JOPOHLMU', ip: '192.168.43.175', os.name: 'Windows 10', os.arch: 'amd64', os.version: '10.0', java.version: '1.8.0_221'
Driver info: org.openqa.selenium.remote.RemoteWebDriver
Capabilities {acceptInsecureCerts: true, browserName: firefox, browserVersion: 78.0.2, javascriptEnabled: true, moz:accessibilityChecks: false, moz:buildID: 20200708170202, moz:geckodriverVersion: 0.24.0, moz:headless: false, moz:processID: 11232, moz:profile: C:\Users\aparn\AppData\Loca..., moz:shutdownTimeout: 60000, moz:useNonSpecCompliantPointerOrigin: false, moz:webdriverClick: true, pageLoadStrategy: normal, platform: WINDOWS, platformName: WINDOWS, platformVersion: 10.0, rotatable: false, setWindowRect: true, strictFileInteractability: false, timeouts: {implicit: 0, pageLoad: 300000, script: 30000}, unhandledPromptBehavior: dismiss and notify, webdriver.remote.sessionid: b13b51c8-38bc-4f85-bf65-430...}
Session ID: b13b51c8-38bc-4f85-bf65-43084edffab3
*** Element info: {Using=id, value=userid}
2020-07-24 14:03:10,789  INFO [TestNG] EventHandler:127 - From Thread 12: Trying to find the element using By.id: userid
2020-07-24 14:03:12,802  INFO [TestNG] EventHandler:181 - From Thread 12: Exception: Cause- null, Message- Unable to locate element: #userid
For documentation on this error, please visit: https://www.seleniumhq.org/exceptions/no_such_element.html
Build info: version: '3.141.59', revision: 'e82be7d358', time: '2018-11-14T08:17:03'
System info: host: 'LAPTOP-JOPOHLMU', ip: '192.168.43.175', os.name: 'Windows 10', os.arch: 'amd64', os.version: '10.0', java.version: '1.8.0_221'
Driver info: org.openqa.selenium.remote.RemoteWebDriver
Capabilities {acceptInsecureCerts: true, browserName: firefox, browserVersion: 78.0.2, javascriptEnabled: true, moz:accessibilityChecks: false, moz:buildID: 20200708170202, moz:geckodriverVersion: 0.24.0, moz:headless: false, moz:processID: 11232, moz:profile: C:\Users\aparn\AppData\Loca..., moz:shutdownTimeout: 60000, moz:useNonSpecCompliantPointerOrigin: false, moz:webdriverClick: true, pageLoadStrategy: normal, platform: WINDOWS, platformName: WINDOWS, platformVersion: 10.0, rotatable: false, setWindowRect: true, strictFileInteractability: false, timeouts: {implicit: 0, pageLoad: 300000, script: 30000}, unhandledPromptBehavior: dismiss and notify, webdriver.remote.sessionid: b13b51c8-38bc-4f85-bf65-430...}
Session ID: b13b51c8-38bc-4f85-bf65-43084edffab3
*** Element info: {Using=id, value=userid}
2020-07-24 14:03:12,803  INFO [TestNG] EventHandler:127 - From Thread 12: Trying to find the element using By.id: userid
2020-07-24 14:03:14,828  INFO [TestNG] EventHandler:181 - From Thread 12: Exception: Cause- null, Message- Unable to locate element: #userid
For documentation on this error, please visit: https://www.seleniumhq.org/exceptions/no_such_element.html
Build info: version: '3.141.59', revision: 'e82be7d358', time: '2018-11-14T08:17:03'
System info: host: 'LAPTOP-JOPOHLMU', ip: '192.168.43.175', os.name: 'Windows 10', os.arch: 'amd64', os.version: '10.0', java.version: '1.8.0_221'
Driver info: org.openqa.selenium.remote.RemoteWebDriver
Capabilities {acceptInsecureCerts: true, browserName: firefox, browserVersion: 78.0.2, javascriptEnabled: true, moz:accessibilityChecks: false, moz:buildID: 20200708170202, moz:geckodriverVersion: 0.24.0, moz:headless: false, moz:processID: 11232, moz:profile: C:\Users\aparn\AppData\Loca..., moz:shutdownTimeout: 60000, moz:useNonSpecCompliantPointerOrigin: false, moz:webdriverClick: true, pageLoadStrategy: normal, platform: WINDOWS, platformName: WINDOWS, platformVersion: 10.0, rotatable: false, setWindowRect: true, strictFileInteractability: false, timeouts: {implicit: 0, pageLoad: 300000, script: 30000}, unhandledPromptBehavior: dismiss and notify, webdriver.remote.sessionid: b13b51c8-38bc-4f85-bf65-430...}
Session ID: b13b51c8-38bc-4f85-bf65-43084edffab3
*** Element info: {Using=id, value=userid}
2020-07-24 14:03:14,832  INFO [TestNG] TestListener:70 - From Thread 12: *** Test execution openPurchaseHistory failed...
2020-07-24 14:03:14,832  INFO [TestNG] TestListener:84 - Screen shots reports path - C:\Users\aparn\eclipse-workspace\EBayAutomation\TestReport\screenshots
2020-07-24 14:03:14,833  INFO [TestNG] EventHandler:133 - From Thread 12: Trying to take screenshot. 
2020-07-24 14:03:15,007  INFO [TestNG] EventHandler:55 - From Thread 12: Screenshot taken
2020-07-24 14:03:15,008  INFO [TestNG] TestListener:102 - Screen shot file location - C:\Users\aparn\AppData\Local\Temp\screenshot7822803876401070673.png
2020-07-24 14:03:15,008  INFO [TestNG] TestListener:103 - Target File location - C:\Users\aparn\eclipse-workspace\EBayAutomation\TestReport\screenshots\com.ebay.automation.pagetests.HomePageTest\openPurchaseHistory2020-07-24T14_03_14_832.png
2020-07-24 14:03:21,761  INFO [TestNG] TestListener:40 - *** Test Suite RegressionTests ending ***
2020-07-24 14:03:21,797 DEBUG [TestNG] cache:45 - Couldn't find template in cache for "v3html/v3-html-index.ftl"("en", UTF-8, parsed); will try to load it.
2020-07-24 14:03:21,797 DEBUG [TestNG] cache:45 - TemplateLoader.findTemplateSource("v3html/v3-html-index_en.ftl"): Not found
2020-07-24 14:03:21,798 DEBUG [TestNG] cache:45 - TemplateLoader.findTemplateSource("v3html/v3-html-index.ftl"): Found
2020-07-24 14:03:21,799 DEBUG [TestNG] cache:45 - Loading template for "v3html/v3-html-index.ftl"("en", UTF-8, parsed) from "jar:file:/C:/Users/aparn/.m2/repository/com/aventstack/extentreports/4.0.6/extentreports-4.0.6.jar!/com/aventstack/extentreports/view/v3html/v3-html-index.ftl"
2020-07-24 14:03:21,811 DEBUG [TestNG] cache:45 - Couldn't find template in cache for "v3html/v3-html-head.ftl"("en", UTF-8, parsed); will try to load it.
2020-07-24 14:03:21,811 DEBUG [TestNG] cache:45 - TemplateLoader.findTemplateSource("v3html/v3-html-head_en.ftl"): Not found
2020-07-24 14:03:21,812 DEBUG [TestNG] cache:45 - TemplateLoader.findTemplateSource("v3html/v3-html-head.ftl"): Found
2020-07-24 14:03:21,813 DEBUG [TestNG] cache:45 - Loading template for "v3html/v3-html-head.ftl"("en", UTF-8, parsed) from "jar:file:/C:/Users/aparn/.m2/repository/com/aventstack/extentreports/4.0.6/extentreports-4.0.6.jar!/com/aventstack/extentreports/view/v3html/v3-html-head.ftl"
2020-07-24 14:03:21,819 DEBUG [TestNG] cache:45 - Couldn't find template in cache for "v3html/v3-html-nav.ftl"("en", UTF-8, parsed); will try to load it.
2020-07-24 14:03:21,820 DEBUG [TestNG] cache:45 - TemplateLoader.findTemplateSource("v3html/v3-html-nav_en.ftl"): Not found
2020-07-24 14:03:21,821 DEBUG [TestNG] cache:45 - TemplateLoader.findTemplateSource("v3html/v3-html-nav.ftl"): Found
2020-07-24 14:03:21,821 DEBUG [TestNG] cache:45 - Loading template for "v3html/v3-html-nav.ftl"("en", UTF-8, parsed) from "jar:file:/C:/Users/aparn/.m2/repository/com/aventstack/extentreports/4.0.6/extentreports-4.0.6.jar!/com/aventstack/extentreports/view/v3html/v3-html-nav.ftl"
2020-07-24 14:03:21,827 DEBUG [TestNG] cache:45 - Couldn't find template in cache for "v3html/test-view/v3-html-test-view.ftl"("en", UTF-8, parsed); will try to load it.
2020-07-24 14:03:21,828 DEBUG [TestNG] cache:45 - TemplateLoader.findTemplateSource("v3html/test-view/v3-html-test-view_en.ftl"): Not found
2020-07-24 14:03:21,829 DEBUG [TestNG] cache:45 - TemplateLoader.findTemplateSource("v3html/test-view/v3-html-test-view.ftl"): Found
2020-07-24 14:03:21,830 DEBUG [TestNG] cache:45 - Loading template for "v3html/test-view/v3-html-test-view.ftl"("en", UTF-8, parsed) from "jar:file:/C:/Users/aparn/.m2/repository/com/aventstack/extentreports/4.0.6/extentreports-4.0.6.jar!/com/aventstack/extentreports/view/v3html/test-view/v3-html-test-view.ftl"
2020-07-24 14:03:21,839 DEBUG [TestNG] cache:45 - Couldn't find template in cache for "v3html/test-view/v3-html-test-view-charts.ftl"("en", UTF-8, parsed); will try to load it.
2020-07-24 14:03:21,840 DEBUG [TestNG] cache:45 - TemplateLoader.findTemplateSource("v3html/test-view/v3-html-test-view-charts_en.ftl"): Not found
2020-07-24 14:03:21,841 DEBUG [TestNG] cache:45 - TemplateLoader.findTemplateSource("v3html/test-view/v3-html-test-view-charts.ftl"): Found
2020-07-24 14:03:21,841 DEBUG [TestNG] cache:45 - Loading template for "v3html/test-view/v3-html-test-view-charts.ftl"("en", UTF-8, parsed) from "jar:file:/C:/Users/aparn/.m2/repository/com/aventstack/extentreports/4.0.6/extentreports-4.0.6.jar!/com/aventstack/extentreports/view/v3html/test-view/v3-html-test-view-charts.ftl"
2020-07-24 14:03:21,848 DEBUG [TestNG] cache:45 - Couldn't find template in cache for "v3html/test-view/v3-html-standard.ftl"("en", UTF-8, parsed); will try to load it.
2020-07-24 14:03:21,849 DEBUG [TestNG] cache:45 - TemplateLoader.findTemplateSource("v3html/test-view/v3-html-standard_en.ftl"): Not found
2020-07-24 14:03:21,850 DEBUG [TestNG] cache:45 - TemplateLoader.findTemplateSource("v3html/test-view/v3-html-standard.ftl"): Found
2020-07-24 14:03:21,850 DEBUG [TestNG] cache:45 - Loading template for "v3html/test-view/v3-html-standard.ftl"("en", UTF-8, parsed) from "jar:file:/C:/Users/aparn/.m2/repository/com/aventstack/extentreports/4.0.6/extentreports-4.0.6.jar!/com/aventstack/extentreports/view/v3html/test-view/v3-html-standard.ftl"
2020-07-24 14:03:21,865 DEBUG [TestNG] cache:45 - "v3html/test-view/v3-html-standard.ftl"("en", UTF-8, parsed) cached copy not yet stale; using cached.
2020-07-24 14:03:21,868 DEBUG [TestNG] cache:45 - "v3html/test-view/v3-html-standard.ftl"("en", UTF-8, parsed) cached copy not yet stale; using cached.
2020-07-24 14:03:21,870 DEBUG [TestNG] cache:45 - "v3html/test-view/v3-html-standard.ftl"("en", UTF-8, parsed) cached copy not yet stale; using cached.
2020-07-24 14:03:21,872 DEBUG [TestNG] cache:45 - Couldn't find template in cache for "v3html/category-view/v3-html-category-view.ftl"("en", UTF-8, parsed); will try to load it.
2020-07-24 14:03:21,872 DEBUG [TestNG] cache:45 - TemplateLoader.findTemplateSource("v3html/category-view/v3-html-category-view_en.ftl"): Not found
2020-07-24 14:03:21,874 DEBUG [TestNG] cache:45 - TemplateLoader.findTemplateSource("v3html/category-view/v3-html-category-view.ftl"): Found
2020-07-24 14:03:21,874 DEBUG [TestNG] cache:45 - Loading template for "v3html/category-view/v3-html-category-view.ftl"("en", UTF-8, parsed) from "jar:file:/C:/Users/aparn/.m2/repository/com/aventstack/extentreports/4.0.6/extentreports-4.0.6.jar!/com/aventstack/extentreports/view/v3html/category-view/v3-html-category-view.ftl"
2020-07-24 14:03:21,881 DEBUG [TestNG] cache:45 - Couldn't find template in cache for "v3html/exception-view/v3-html-exception-view.ftl"("en", UTF-8, parsed); will try to load it.
2020-07-24 14:03:21,882 DEBUG [TestNG] cache:45 - TemplateLoader.findTemplateSource("v3html/exception-view/v3-html-exception-view_en.ftl"): Not found
2020-07-24 14:03:21,883 DEBUG [TestNG] cache:45 - TemplateLoader.findTemplateSource("v3html/exception-view/v3-html-exception-view.ftl"): Found
2020-07-24 14:03:21,884 DEBUG [TestNG] cache:45 - Loading template for "v3html/exception-view/v3-html-exception-view.ftl"("en", UTF-8, parsed) from "jar:file:/C:/Users/aparn/.m2/repository/com/aventstack/extentreports/4.0.6/extentreports-4.0.6.jar!/com/aventstack/extentreports/view/v3html/exception-view/v3-html-exception-view.ftl"
2020-07-24 14:03:21,891 DEBUG [TestNG] cache:45 - Couldn't find template in cache for "v3html/author-view/v3-html-author-view.ftl"("en", UTF-8, parsed); will try to load it.
2020-07-24 14:03:21,892 DEBUG [TestNG] cache:45 - TemplateLoader.findTemplateSource("v3html/author-view/v3-html-author-view_en.ftl"): Not found
2020-07-24 14:03:21,895 DEBUG [TestNG] cache:45 - TemplateLoader.findTemplateSource("v3html/author-view/v3-html-author-view.ftl"): Found
2020-07-24 14:03:21,895 DEBUG [TestNG] cache:45 - Loading template for "v3html/author-view/v3-html-author-view.ftl"("en", UTF-8, parsed) from "jar:file:/C:/Users/aparn/.m2/repository/com/aventstack/extentreports/4.0.6/extentreports-4.0.6.jar!/com/aventstack/extentreports/view/v3html/author-view/v3-html-author-view.ftl"
2020-07-24 14:03:21,902 DEBUG [TestNG] cache:45 - Couldn't find template in cache for "v3html/dashboard-view/v3-html-dashboard-view.ftl"("en", UTF-8, parsed); will try to load it.
2020-07-24 14:03:21,904 DEBUG [TestNG] cache:45 - TemplateLoader.findTemplateSource("v3html/dashboard-view/v3-html-dashboard-view_en.ftl"): Not found
2020-07-24 14:03:21,905 DEBUG [TestNG] cache:45 - TemplateLoader.findTemplateSource("v3html/dashboard-view/v3-html-dashboard-view.ftl"): Found
2020-07-24 14:03:21,906 DEBUG [TestNG] cache:45 - Loading template for "v3html/dashboard-view/v3-html-dashboard-view.ftl"("en", UTF-8, parsed) from "jar:file:/C:/Users/aparn/.m2/repository/com/aventstack/extentreports/4.0.6/extentreports-4.0.6.jar!/com/aventstack/extentreports/view/v3html/dashboard-view/v3-html-dashboard-view.ftl"
2020-07-24 14:03:21,933 DEBUG [TestNG] cache:45 - Couldn't find template in cache for "v3html/logs-view/v3-html-testrunner-logs-view.ftl"("en", UTF-8, parsed); will try to load it.
2020-07-24 14:03:21,934 DEBUG [TestNG] cache:45 - TemplateLoader.findTemplateSource("v3html/logs-view/v3-html-testrunner-logs-view_en.ftl"): Not found
2020-07-24 14:03:21,936 DEBUG [TestNG] cache:45 - TemplateLoader.findTemplateSource("v3html/logs-view/v3-html-testrunner-logs-view.ftl"): Found
2020-07-24 14:03:21,937 DEBUG [TestNG] cache:45 - Loading template for "v3html/logs-view/v3-html-testrunner-logs-view.ftl"("en", UTF-8, parsed) from "jar:file:/C:/Users/aparn/.m2/repository/com/aventstack/extentreports/4.0.6/extentreports-4.0.6.jar!/com/aventstack/extentreports/view/v3html/logs-view/v3-html-testrunner-logs-view.ftl"
