<!DOCTYPE html PUBLIC "-//W3C//DTD XHTML 1.1//EN" "http://www.w3.org/TR/xhtml11/DTD/xhtml11.dtd">
<html xmlns="http://www.w3.org/1999/xhtml"><head><title>TestNG Report</title><style type="text/css">table {margin-bottom:10px;border-collapse:collapse;empty-cells:show}th,td {border:1px solid #009;padding:.25em .5em}th {vertical-align:bottom}td {vertical-align:top}table a {font-weight:bold}.stripe td {background-color: #E6EBF9}.num {text-align:right}.passedodd td {background-color: #3F3}.passedeven td {background-color: #0A0}.skippedodd td {background-color: #DDD}.skippedeven td {background-color: #CCC}.failedodd td,.attn {background-color: #F33}.failedeven td,.stripe .attn {background-color: #D00}.stacktrace {white-space:pre;font-family:monospace}.totop {font-size:85%;text-align:center;border-bottom:2px solid #000}</style></head><body><table><tr><th>Test</th><th># Passed</th><th># Skipped</th><th># Failed</th><th>Time (ms)</th><th>Included Groups</th><th>Excluded Groups</th></tr><tr><th colspan="7">EBay_Automation_Suite</th></tr><tr><td><a href="#t0">SmokeTests</a></td><td class="num">0</td><td class="num attn">1</td><td class="num">0</td><td class="num">90,319</td><td>SmokeTest</td><td></td></tr><tr class="stripe"><td><a href="#t1">RegressionTests</a></td><td class="num">0</td><td class="num attn">4</td><td class="num">0</td><td class="num">229,784</td><td>RegressionTest</td><td></td></tr><tr><th>Total</th><th class="num">0</th><th class="num attn">5</th><th class="num">0</th><th class="num">320,103</th><th colspan="2"></th></tr></table><table><thead><tr><th>Class</th><th>Method</th><th>Start</th><th>Time (ms)</th></tr></thead><tbody><tr><th colspan="4">EBay_Automation_Suite</th></tr></tbody><tbody id="t0"><tr><th colspan="4">SmokeTests &#8212; failed (configuration methods)</th></tr><tr class="failedeven"><td rowspan="2">com.ebay.automation.pagetests.LoginPageTest</td><td><a href="#m0">afterClass</a></td><td rowspan="1">1595508175356</td><td rowspan="1">0</td></tr><tr class="failedeven"><td><a href="#m1">initialSetup</a></td><td rowspan="1">1595508086264</td><td rowspan="1">0</td></tr><tr><th colspan="4">SmokeTests &#8212; skipped</th></tr><tr class="skippedeven"><td rowspan="1">com.ebay.automation.pagetests.LoginPageTest</td><td><a href="#m2">assertLoginPageTitle</a></td><td rowspan="1">1595508174815</td><td rowspan="1">370</td></tr></tbody><tbody id="t1"><tr><th colspan="4">RegressionTests &#8212; failed (configuration methods)</th></tr><tr class="failedeven"><td rowspan="2">com.ebay.automation.pagetests.LoginPageTest</td><td><a href="#m3">afterClass</a></td><td rowspan="1">1595508175356</td><td rowspan="1">0</td></tr><tr class="failedeven"><td><a href="#m4">initialSetup</a></td><td rowspan="1">1595508086264</td><td rowspan="1">0</td></tr><tr><th colspan="4">RegressionTests &#8212; skipped</th></tr><tr class="skippedeven"><td rowspan="1">com.ebay.automation.pagetests.HomePageTest</td><td><a href="#m5">openPurchaseHistory</a></td><td rowspan="1">1595508310359</td><td rowspan="1">1</td></tr><tr class="skippedodd"><td rowspan="3">com.ebay.automation.pagetests.LoginPageTest</td><td><a href="#m6">login</a></td><td rowspan="1">1595508174817</td><td rowspan="1">368</td></tr><tr class="skippedodd"><td><a href="#m7">searchForProduct</a></td><td rowspan="1">1595508234456</td><td rowspan="1">2</td></tr><tr class="skippedodd"><td><a href="#m8">signUp</a></td><td rowspan="1">1595508275374</td><td rowspan="1">3</td></tr></tbody></table><h2>SmokeTests</h2><h3 id="m0">com.ebay.automation.pagetests.LoginPageTest#afterClass</h3><table class="result"><tr><th>Exception</th></tr><tr><td><div class="stacktrace">java.lang.AssertionError: Exception from TestBase.afterClass
	at com.ebay.automation.base.TestBase.afterClass(TestBase.java:46)
	at java.util.concurrent.FutureTask.run(FutureTask.java:266)
	at java.util.concurrent.ThreadPoolExecutor.runWorker(ThreadPoolExecutor.java:1149)
	at java.util.concurrent.ThreadPoolExecutor$Worker.run(ThreadPoolExecutor.java:624)
	at java.lang.Thread.run(Thread.java:748)
Caused by: java.lang.NullPointerException
	at com.ebay.automation.base.TestBase.afterClass(TestBase.java:42)
	... 22 more
... Removed 19 stack frames</div></td></tr></table><p class="totop"><a href="#summary">back to summary</a></p><h3 id="m1">com.ebay.automation.pagetests.LoginPageTest#initialSetup</h3><table class="result"><tr class="param"><th>Parameter #1</th><th>Parameter #2</th><th>Parameter #3</th></tr><tr class="param stripe"><td>org.testng.TestRunner@4d7c1f96</td><td>firefox</td><td>windows</td></tr><tr><th colspan="3">Exception</th></tr><tr><td colspan="3"><div class="stacktrace">java.lang.AssertionError: Exception from TestBase.initialSetup
	at com.ebay.automation.base.TestBase.initialSetup(TestBase.java:32)
	at java.util.concurrent.FutureTask.run(FutureTask.java:266)
	at java.util.concurrent.ThreadPoolExecutor.runWorker(ThreadPoolExecutor.java:1149)
	at java.util.concurrent.ThreadPoolExecutor$Worker.run(ThreadPoolExecutor.java:624)
	at java.lang.Thread.run(Thread.java:748)
Caused by: java.lang.Exception: Exception from WebDriverFactory.CreateDriver: [Ljava.lang.StackTraceElement;@7cf47cb4
	at com.ebay.automation.utils.WebDriverFactory.createDriver(WebDriverFactory.java:88)
	at com.ebay.automation.base.TestBase.initialSetup(TestBase.java:28)
	... 22 more
... Removed 19 stack frames</div></td></tr></table><p class="totop"><a href="#summary">back to summary</a></p><h3 id="m2">com.ebay.automation.pagetests.LoginPageTest#assertLoginPageTitle</h3><table class="result"><tr><th>Exception</th></tr><tr><td><div class="stacktrace">java.lang.AssertionError: Exception from TestBase.initialSetup
	at com.ebay.automation.base.TestBase.initialSetup(TestBase.java:32)
	at java.util.concurrent.FutureTask.run(FutureTask.java:266)
	at java.util.concurrent.ThreadPoolExecutor.runWorker(ThreadPoolExecutor.java:1149)
	at java.util.concurrent.ThreadPoolExecutor$Worker.run(ThreadPoolExecutor.java:624)
	at java.lang.Thread.run(Thread.java:748)
Caused by: java.lang.Exception: Exception from WebDriverFactory.CreateDriver: [Ljava.lang.StackTraceElement;@7cf47cb4
	at com.ebay.automation.utils.WebDriverFactory.createDriver(WebDriverFactory.java:88)
	at com.ebay.automation.base.TestBase.initialSetup(TestBase.java:28)
	... 22 more
... Removed 19 stack frames</div></td></tr></table><p class="totop"><a href="#summary">back to summary</a></p><h2>RegressionTests</h2><h3 id="m3">com.ebay.automation.pagetests.LoginPageTest#afterClass</h3><table class="result"><tr><th>Exception</th></tr><tr><td><div class="stacktrace">java.lang.AssertionError: Exception from TestBase.afterClass
	at com.ebay.automation.base.TestBase.afterClass(TestBase.java:46)
	at java.util.concurrent.FutureTask.run(FutureTask.java:266)
	at java.util.concurrent.ThreadPoolExecutor.runWorker(ThreadPoolExecutor.java:1149)
	at java.util.concurrent.ThreadPoolExecutor$Worker.run(ThreadPoolExecutor.java:624)
	at java.lang.Thread.run(Thread.java:748)
Caused by: java.lang.NullPointerException
	at com.ebay.automation.base.TestBase.afterClass(TestBase.java:42)
	... 22 more
... Removed 19 stack frames</div></td></tr></table><p class="totop"><a href="#summary">back to summary</a></p><h3 id="m4">com.ebay.automation.pagetests.LoginPageTest#initialSetup</h3><table class="result"><tr class="param"><th>Parameter #1</th><th>Parameter #2</th><th>Parameter #3</th></tr><tr class="param stripe"><td>org.testng.TestRunner@66dabb42</td><td>firefox</td><td>windows</td></tr><tr><th colspan="3">Exception</th></tr><tr><td colspan="3"><div class="stacktrace">java.lang.AssertionError: Exception from TestBase.initialSetup
	at com.ebay.automation.base.TestBase.initialSetup(TestBase.java:32)
	at java.util.concurrent.FutureTask.run(FutureTask.java:266)
	at java.util.concurrent.ThreadPoolExecutor.runWorker(ThreadPoolExecutor.java:1149)
	at java.util.concurrent.ThreadPoolExecutor$Worker.run(ThreadPoolExecutor.java:624)
	at java.lang.Thread.run(Thread.java:748)
Caused by: java.lang.Exception: Exception from WebDriverFactory.CreateDriver: [Ljava.lang.StackTraceElement;@1c4e3c2
	at com.ebay.automation.utils.WebDriverFactory.createDriver(WebDriverFactory.java:88)
	at com.ebay.automation.base.TestBase.initialSetup(TestBase.java:28)
	... 22 more
... Removed 19 stack frames</div></td></tr></table><p class="totop"><a href="#summary">back to summary</a></p><h3 id="m5">com.ebay.automation.pagetests.HomePageTest#openPurchaseHistory</h3><table class="result"><tr><th>Exception</th></tr><tr><td><div class="stacktrace">java.lang.AssertionError: Exception from TestBase.initialSetup
	at com.ebay.automation.base.TestBase.initialSetup(TestBase.java:32)
	at java.util.concurrent.FutureTask.run(FutureTask.java:266)
	at java.util.concurrent.ThreadPoolExecutor.runWorker(ThreadPoolExecutor.java:1149)
	at java.util.concurrent.ThreadPoolExecutor$Worker.run(ThreadPoolExecutor.java:624)
	at java.lang.Thread.run(Thread.java:748)
Caused by: java.lang.Exception: Exception from WebDriverFactory.CreateDriver: [Ljava.lang.StackTraceElement;@1c4e3c2
	at com.ebay.automation.utils.WebDriverFactory.createDriver(WebDriverFactory.java:88)
	at com.ebay.automation.base.TestBase.initialSetup(TestBase.java:28)
	... 22 more
... Removed 19 stack frames</div></td></tr></table><p class="totop"><a href="#summary">back to summary</a></p><h3 id="m6">com.ebay.automation.pagetests.LoginPageTest#login</h3><table class="result"><tr><th>Exception</th></tr><tr><td><div class="stacktrace">java.lang.AssertionError: Exception from TestBase.initialSetup
	at com.ebay.automation.base.TestBase.initialSetup(TestBase.java:32)
	at java.util.concurrent.FutureTask.run(FutureTask.java:266)
	at java.util.concurrent.ThreadPoolExecutor.runWorker(ThreadPoolExecutor.java:1149)
	at java.util.concurrent.ThreadPoolExecutor$Worker.run(ThreadPoolExecutor.java:624)
	at java.lang.Thread.run(Thread.java:748)
Caused by: java.lang.Exception: Exception from WebDriverFactory.CreateDriver: [Ljava.lang.StackTraceElement;@1c4e3c2
	at com.ebay.automation.utils.WebDriverFactory.createDriver(WebDriverFactory.java:88)
	at com.ebay.automation.base.TestBase.initialSetup(TestBase.java:28)
	... 22 more
... Removed 19 stack frames</div></td></tr></table><p class="totop"><a href="#summary">back to summary</a></p><h3 id="m7">com.ebay.automation.pagetests.LoginPageTest#searchForProduct</h3><table class="result"><tr><th>Exception</th></tr><tr><td><div class="stacktrace">java.lang.AssertionError: Exception from TestBase.initialSetup
	at com.ebay.automation.base.TestBase.initialSetup(TestBase.java:32)
	at java.util.concurrent.FutureTask.run(FutureTask.java:266)
	at java.util.concurrent.ThreadPoolExecutor.runWorker(ThreadPoolExecutor.java:1149)
	at java.util.concurrent.ThreadPoolExecutor$Worker.run(ThreadPoolExecutor.java:624)
	at java.lang.Thread.run(Thread.java:748)
Caused by: java.lang.Exception: Exception from WebDriverFactory.CreateDriver: [Ljava.lang.StackTraceElement;@1c4e3c2
	at com.ebay.automation.utils.WebDriverFactory.createDriver(WebDriverFactory.java:88)
	at com.ebay.automation.base.TestBase.initialSetup(TestBase.java:28)
	... 22 more
... Removed 19 stack frames</div></td></tr></table><p class="totop"><a href="#summary">back to summary</a></p><h3 id="m8">com.ebay.automation.pagetests.LoginPageTest#signUp</h3><table class="result"><tr><th>Exception</th></tr><tr><td><div class="stacktrace">java.lang.AssertionError: Exception from TestBase.initialSetup
	at com.ebay.automation.base.TestBase.initialSetup(TestBase.java:32)
	at java.util.concurrent.FutureTask.run(FutureTask.java:266)
	at java.util.concurrent.ThreadPoolExecutor.runWorker(ThreadPoolExecutor.java:1149)
	at java.util.concurrent.ThreadPoolExecutor$Worker.run(ThreadPoolExecutor.java:624)
	at java.lang.Thread.run(Thread.java:748)
Caused by: java.lang.Exception: Exception from WebDriverFactory.CreateDriver: [Ljava.lang.StackTraceElement;@1c4e3c2
	at com.ebay.automation.utils.WebDriverFactory.createDriver(WebDriverFactory.java:88)
	at com.ebay.automation.base.TestBase.initialSetup(TestBase.java:28)
	... 22 more
... Removed 19 stack frames</div></td></tr></table><p class="totop"><a href="#summary">back to summary</a></p></body></html>