<?xml version="1.0" encoding="UTF-8"?>
<!-- Generated by org.testng.reporters.JUnitXMLReporter -->
<testsuite hostname="LAPTOP-JOPOHLMU" ignored="0" name="RegressionTests" tests="5" failures="2" timestamp="21 Jul 2020 09:21:01 GMT" time="211.75" errors="0">
  <testcase name="@BeforeMethod beforeMeth" time="0.0" classname="com.ebay.automation.pagetests.HomePageTest">
    <failure type="java.lang.Exception" message="Exception occured in LoginPage.login: cause -&amp;gt; null, message -&amp;gt; Unable to locate element: #userid
For documentation on this error, please visit: https://www.seleniumhq.org/exceptions/no_such_element.html
Build info: version: &amp;apos;3.141.59&amp;apos;, revision: &amp;apos;e82be7d358&amp;apos;, time: &amp;apos;2018-11-14T08:17:03&amp;apos;
System info: host: &amp;apos;LAPTOP-JOPOHLMU&amp;apos;, ip: &amp;apos;192.168.0.165&amp;apos;, os.name: &amp;apos;Windows 10&amp;apos;, os.arch: &amp;apos;amd64&amp;apos;, os.version: &amp;apos;10.0&amp;apos;, java.version: &amp;apos;1.8.0_221&amp;apos;
Driver info: org.openqa.selenium.remote.RemoteWebDriver
Capabilities {acceptInsecureCerts: true, browserName: firefox, browserVersion: 78.0.2, javascriptEnabled: true, moz:accessibilityChecks: false, moz:buildID: 20200708170202, moz:geckodriverVersion: 0.24.0, moz:headless: false, moz:processID: 12688, moz:profile: C:\Users\aparn\AppData\Loca..., moz:shutdownTimeout: 60000, moz:useNonSpecCompliantPointerOrigin: false, moz:webdriverClick: true, pageLoadStrategy: normal, platform: WINDOWS, platformName: WINDOWS, platformVersion: 10.0, rotatable: false, setWindowRect: true, strictFileInteractability: false, timeouts: {implicit: 0, pageLoad: 300000, script: 30000}, unhandledPromptBehavior: dismiss and notify, webdriver.remote.sessionid: 51a2fbda-0c69-495c-b9c2-10a...}
Session ID: 51a2fbda-0c69-495c-b9c2-10a44476c946
*** Element info: {Using=id, value=userid}">
      <![CDATA[java.lang.Exception: Exception occured in LoginPage.login: cause -> null, message -> Unable to locate element: #userid
For documentation on this error, please visit: https://www.seleniumhq.org/exceptions/no_such_element.html
Build info: version: '3.141.59', revision: 'e82be7d358', time: '2018-11-14T08:17:03'
System info: host: 'LAPTOP-JOPOHLMU', ip: '192.168.0.165', os.name: 'Windows 10', os.arch: 'amd64', os.version: '10.0', java.version: '1.8.0_221'
Driver info: org.openqa.selenium.remote.RemoteWebDriver
Capabilities {acceptInsecureCerts: true, browserName: firefox, browserVersion: 78.0.2, javascriptEnabled: true, moz:accessibilityChecks: false, moz:buildID: 20200708170202, moz:geckodriverVersion: 0.24.0, moz:headless: false, moz:processID: 12688, moz:profile: C:\Users\aparn\AppData\Loca..., moz:shutdownTimeout: 60000, moz:useNonSpecCompliantPointerOrigin: false, moz:webdriverClick: true, pageLoadStrategy: normal, platform: WINDOWS, platformName: WINDOWS, platformVersion: 10.0, rotatable: false, setWindowRect: true, strictFileInteractability: false, timeouts: {implicit: 0, pageLoad: 300000, script: 30000}, unhandledPromptBehavior: dismiss and notify, webdriver.remote.sessionid: 51a2fbda-0c69-495c-b9c2-10a...}
Session ID: 51a2fbda-0c69-495c-b9c2-10a44476c946
*** Element info: {Using=id, value=userid}
	at com.ebay.automation.pages.LoginPage.login(LoginPage.java:89)
	at com.ebay.automation.pagetests.HomePageTest.beforeMeth(HomePageTest.java:43)
	at java.util.concurrent.FutureTask.run(FutureTask.java:266)
	at java.util.concurrent.ThreadPoolExecutor.runWorker(ThreadPoolExecutor.java:1149)
	at java.util.concurrent.ThreadPoolExecutor$Worker.run(ThreadPoolExecutor.java:624)
	at java.lang.Thread.run(Thread.java:748)
... Removed 18 stack frames]]>
    </failure>
  </testcase> <!-- @BeforeMethod beforeMeth -->
  <testcase name="assertLoginPageTitle" time="1.855" classname="com.ebay.automation.pagetests.LoginPageTest"/>
  <testcase name="login" time="12.905" classname="com.ebay.automation.pagetests.LoginPageTest">
    <failure type="java.lang.Exception" message="Exception from LoginPageTest.login: Exception occured in LoginPage.login: cause -&amp;gt; null, message -&amp;gt; Unable to locate element: #userid
For documentation on this error, please visit: https://www.seleniumhq.org/exceptions/no_such_element.html
Build info: version: &amp;apos;3.141.59&amp;apos;, revision: &amp;apos;e82be7d358&amp;apos;, time: &amp;apos;2018-11-14T08:17:03&amp;apos;
System info: host: &amp;apos;LAPTOP-JOPOHLMU&amp;apos;, ip: &amp;apos;192.168.0.165&amp;apos;, os.name: &amp;apos;Windows 10&amp;apos;, os.arch: &amp;apos;amd64&amp;apos;, os.version: &amp;apos;10.0&amp;apos;, java.version: &amp;apos;1.8.0_221&amp;apos;
Driver info: org.openqa.selenium.remote.RemoteWebDriver
Capabilities {acceptInsecureCerts: true, browserName: firefox, browserVersion: 78.0.2, javascriptEnabled: true, moz:accessibilityChecks: false, moz:buildID: 20200708170202, moz:geckodriverVersion: 0.24.0, moz:headless: false, moz:processID: 3288, moz:profile: C:\Users\aparn\AppData\Loca..., moz:shutdownTimeout: 60000, moz:useNonSpecCompliantPointerOrigin: false, moz:webdriverClick: true, pageLoadStrategy: normal, platform: WINDOWS, platformName: WINDOWS, platformVersion: 10.0, rotatable: false, setWindowRect: true, strictFileInteractability: false, timeouts: {implicit: 0, pageLoad: 300000, script: 30000}, unhandledPromptBehavior: dismiss and notify, webdriver.remote.sessionid: 19d44fcb-647d-4b06-8a06-7b1...}
Session ID: 19d44fcb-647d-4b06-8a06-7b1d5ecf05ab
*** Element info: {Using=id, value=userid}">
      <![CDATA[java.lang.Exception: Exception from LoginPageTest.login: Exception occured in LoginPage.login: cause -> null, message -> Unable to locate element: #userid
For documentation on this error, please visit: https://www.seleniumhq.org/exceptions/no_such_element.html
Build info: version: '3.141.59', revision: 'e82be7d358', time: '2018-11-14T08:17:03'
System info: host: 'LAPTOP-JOPOHLMU', ip: '192.168.0.165', os.name: 'Windows 10', os.arch: 'amd64', os.version: '10.0', java.version: '1.8.0_221'
Driver info: org.openqa.selenium.remote.RemoteWebDriver
Capabilities {acceptInsecureCerts: true, browserName: firefox, browserVersion: 78.0.2, javascriptEnabled: true, moz:accessibilityChecks: false, moz:buildID: 20200708170202, moz:geckodriverVersion: 0.24.0, moz:headless: false, moz:processID: 3288, moz:profile: C:\Users\aparn\AppData\Loca..., moz:shutdownTimeout: 60000, moz:useNonSpecCompliantPointerOrigin: false, moz:webdriverClick: true, pageLoadStrategy: normal, platform: WINDOWS, platformName: WINDOWS, platformVersion: 10.0, rotatable: false, setWindowRect: true, strictFileInteractability: false, timeouts: {implicit: 0, pageLoad: 300000, script: 30000}, unhandledPromptBehavior: dismiss and notify, webdriver.remote.sessionid: 19d44fcb-647d-4b06-8a06-7b1...}
Session ID: 19d44fcb-647d-4b06-8a06-7b1d5ecf05ab
*** Element info: {Using=id, value=userid}
	at com.ebay.automation.pagetests.LoginPageTest.login(LoginPageTest.java:98)
	at java.util.concurrent.FutureTask.run(FutureTask.java:266)
	at java.util.concurrent.ThreadPoolExecutor.runWorker(ThreadPoolExecutor.java:1149)
	at java.util.concurrent.ThreadPoolExecutor$Worker.run(ThreadPoolExecutor.java:624)
	at java.lang.Thread.run(Thread.java:748)
... Removed 16 stack frames]]>
    </failure>
  </testcase> <!-- login -->
  <testcase name="searchForProduct" time="4.191" classname="com.ebay.automation.pagetests.LoginPageTest">
    <failure type="java.lang.AssertionError" message="Search results count not as expected expected [true] but found [false]">
      <![CDATA[java.lang.AssertionError: Search results count not as expected expected [true] but found [false]
	at com.ebay.automation.pagetests.LoginPageTest.searchForProduct(LoginPageTest.java:64)
	at java.util.concurrent.FutureTask.run(FutureTask.java:266)
	at java.util.concurrent.ThreadPoolExecutor.runWorker(ThreadPoolExecutor.java:1149)
	at java.util.concurrent.ThreadPoolExecutor$Worker.run(ThreadPoolExecutor.java:624)
	at java.lang.Thread.run(Thread.java:748)
... Removed 19 stack frames]]>
    </failure>
  </testcase> <!-- searchForProduct -->
  <testcase name="signUp" time="14.521" classname="com.ebay.automation.pagetests.LoginPageTest"/>
  <testcase name="openPurchaseHistory" time="0.047" classname="com.ebay.automation.pagetests.HomePageTest">
    <skipped/>
  </testcase> <!-- openPurchaseHistory -->
</testsuite> <!-- RegressionTests -->
