<?xml version="1.0" encoding="UTF-8"?>
<!-- Generated by org.testng.reporters.JUnitXMLReporter -->
<testsuite hostname="LAPTOP-JOPOHLMU" ignored="3" name="SmokeTests" tests="2" failures="1" timestamp="21 Jul 2020 09:19:39 GMT" time="129.594" errors="0">
  <testcase name="assertLoginPageTitle" time="1.856" classname="com.ebay.automation.pagetests.LoginPageTest"/>
  <testcase name="login" time="12.386" classname="com.ebay.automation.pagetests.LoginPageTest">
    <failure type="java.lang.Exception" message="Exception from LoginPageTest.login: Exception occured in LoginPage.login: cause -&amp;gt; null, message -&amp;gt; Unable to locate element: #userid
For documentation on this error, please visit: https://www.seleniumhq.org/exceptions/no_such_element.html
Build info: version: &amp;apos;3.141.59&amp;apos;, revision: &amp;apos;e82be7d358&amp;apos;, time: &amp;apos;2018-11-14T08:17:03&amp;apos;
System info: host: &amp;apos;LAPTOP-JOPOHLMU&amp;apos;, ip: &amp;apos;192.168.0.165&amp;apos;, os.name: &amp;apos;Windows 10&amp;apos;, os.arch: &amp;apos;amd64&amp;apos;, os.version: &amp;apos;10.0&amp;apos;, java.version: &amp;apos;1.8.0_221&amp;apos;
Driver info: org.openqa.selenium.remote.RemoteWebDriver
Capabilities {acceptInsecureCerts: true, browserName: firefox, browserVersion: 78.0.2, javascriptEnabled: true, moz:accessibilityChecks: false, moz:buildID: 20200708170202, moz:geckodriverVersion: 0.24.0, moz:headless: false, moz:processID: 1328, moz:profile: C:\Users\aparn\AppData\Loca..., moz:shutdownTimeout: 60000, moz:useNonSpecCompliantPointerOrigin: false, moz:webdriverClick: true, pageLoadStrategy: normal, platform: WINDOWS, platformName: WINDOWS, platformVersion: 10.0, rotatable: false, setWindowRect: true, strictFileInteractability: false, timeouts: {implicit: 0, pageLoad: 300000, script: 30000}, unhandledPromptBehavior: dismiss and notify, webdriver.remote.sessionid: de5f8666-8938-4a2c-a2b2-136...}
Session ID: de5f8666-8938-4a2c-a2b2-136b04883ebd
*** Element info: {Using=id, value=userid}">
      <![CDATA[java.lang.Exception: Exception from LoginPageTest.login: Exception occured in LoginPage.login: cause -> null, message -> Unable to locate element: #userid
For documentation on this error, please visit: https://www.seleniumhq.org/exceptions/no_such_element.html
Build info: version: '3.141.59', revision: 'e82be7d358', time: '2018-11-14T08:17:03'
System info: host: 'LAPTOP-JOPOHLMU', ip: '192.168.0.165', os.name: 'Windows 10', os.arch: 'amd64', os.version: '10.0', java.version: '1.8.0_221'
Driver info: org.openqa.selenium.remote.RemoteWebDriver
Capabilities {acceptInsecureCerts: true, browserName: firefox, browserVersion: 78.0.2, javascriptEnabled: true, moz:accessibilityChecks: false, moz:buildID: 20200708170202, moz:geckodriverVersion: 0.24.0, moz:headless: false, moz:processID: 1328, moz:profile: C:\Users\aparn\AppData\Loca..., moz:shutdownTimeout: 60000, moz:useNonSpecCompliantPointerOrigin: false, moz:webdriverClick: true, pageLoadStrategy: normal, platform: WINDOWS, platformName: WINDOWS, platformVersion: 10.0, rotatable: false, setWindowRect: true, strictFileInteractability: false, timeouts: {implicit: 0, pageLoad: 300000, script: 30000}, unhandledPromptBehavior: dismiss and notify, webdriver.remote.sessionid: de5f8666-8938-4a2c-a2b2-136...}
Session ID: de5f8666-8938-4a2c-a2b2-136b04883ebd
*** Element info: {Using=id, value=userid}
	at com.ebay.automation.pagetests.LoginPageTest.login(LoginPageTest.java:98)
	at java.util.concurrent.FutureTask.run(FutureTask.java:266)
	at java.util.concurrent.ThreadPoolExecutor.runWorker(ThreadPoolExecutor.java:1149)
	at java.util.concurrent.ThreadPoolExecutor$Worker.run(ThreadPoolExecutor.java:624)
	at java.lang.Thread.run(Thread.java:748)
... Removed 16 stack frames]]>
    </failure>
  </testcase> <!-- login -->
  <testcase name="searchForProduct" time="0.0" classname="com.ebay.automation.pagetests.LoginPageTest">
    <ignored/>
  </testcase> <!-- searchForProduct -->
  <testcase name="openPurchaseHistory" time="0.0" classname="com.ebay.automation.pagetests.HomePageTest">
    <ignored/>
  </testcase> <!-- openPurchaseHistory -->
  <testcase name="signUp" time="0.0" classname="com.ebay.automation.pagetests.LoginPageTest">
    <ignored/>
  </testcase> <!-- signUp -->
</testsuite> <!-- SmokeTests -->
